Analysis & Synthesis report for TP23
Tue Jan 26 13:31:35 2021
Quartus II 64-Bit Version 13.0.1 Build 232 06/12/2013 Service Pack 1 SJ Web Edition


---------------------
; Table of Contents ;
---------------------
  1. Legal Notice
  2. Analysis & Synthesis Summary
  3. Analysis & Synthesis Settings
  4. Parallel Compilation
  5. Analysis & Synthesis Source Files Read
  6. Analysis & Synthesis Resource Usage Summary
  7. Analysis & Synthesis Resource Utilization by Entity
  8. Analysis & Synthesis IP Cores Summary
  9. Registers Removed During Synthesis
 10. General Register Statistics
 11. Inverted Register Statistics
 12. Multiplexer Restructuring Statistics (Restructuring Performed)
 13. Parameter Settings for User Entity Instance: lpm_mux0:inst16|LPM_MUX:LPM_MUX_component
 14. Parameter Settings for User Entity Instance: diviseur:inst17
 15. Parameter Settings for User Entity Instance: diviseur:inst15
 16. Parameter Settings for User Entity Instance: diviseur:inst14
 17. Elapsed Time Per Partition
 18. Analysis & Synthesis Messages



----------------
; Legal Notice ;
----------------
Copyright (C) 1991-2013 Altera Corporation
Your use of Altera Corporation's design tools, logic functions 
and other software and tools, and its AMPP partner logic 
functions, and any output files from any of the foregoing 
(including device programming or simulation files), and any 
associated documentation or information are expressly subject 
to the terms and conditions of the Altera Program License 
Subscription Agreement, Altera MegaCore Function License 
Agreement, or other applicable license agreement, including, 
without limitation, that your use is for the sole purpose of 
programming logic devices manufactured by Altera and sold by 
Altera or its authorized distributors.  Please refer to the 
applicable agreement for further details.



+--------------------------------------------------------------------------------------+
; Analysis & Synthesis Summary                                                         ;
+------------------------------------+-------------------------------------------------+
; Analysis & Synthesis Status        ; Successful - Tue Jan 26 13:31:35 2021           ;
; Quartus II 64-Bit Version          ; 13.0.1 Build 232 06/12/2013 SP 1 SJ Web Edition ;
; Revision Name                      ; TP23                                            ;
; Top-level Entity Name              ; TP23                                            ;
; Family                             ; Cyclone II                                      ;
; Total logic elements               ; 79                                              ;
;     Total combinational functions  ; 63                                              ;
;     Dedicated logic registers      ; 37                                              ;
; Total registers                    ; 37                                              ;
; Total pins                         ; 31                                              ;
; Total virtual pins                 ; 0                                               ;
; Total memory bits                  ; 0                                               ;
; Embedded Multiplier 9-bit elements ; 0                                               ;
; Total PLLs                         ; 0                                               ;
+------------------------------------+-------------------------------------------------+


+----------------------------------------------------------------------------------------------------------------------+
; Analysis & Synthesis Settings                                                                                        ;
+----------------------------------------------------------------------------+--------------------+--------------------+
; Option                                                                     ; Setting            ; Default Value      ;
+----------------------------------------------------------------------------+--------------------+--------------------+
; Device                                                                     ; EP2C20F484C7       ;                    ;
; Top-level entity name                                                      ; TP23               ; TP23               ;
; Family name                                                                ; Cyclone II         ; Cyclone IV GX      ;
; Use smart compilation                                                      ; Off                ; Off                ;
; Enable parallel Assembler and TimeQuest Timing Analyzer during compilation ; On                 ; On                 ;
; Enable compact report table                                                ; Off                ; Off                ;
; Restructure Multiplexers                                                   ; Auto               ; Auto               ;
; Create Debugging Nodes for IP Cores                                        ; Off                ; Off                ;
; Preserve fewer node names                                                  ; On                 ; On                 ;
; Disable OpenCore Plus hardware evaluation                                  ; Off                ; Off                ;
; Verilog Version                                                            ; Verilog_2001       ; Verilog_2001       ;
; VHDL Version                                                               ; VHDL_1993          ; VHDL_1993          ;
; State Machine Processing                                                   ; Auto               ; Auto               ;
; Safe State Machine                                                         ; Off                ; Off                ;
; Extract Verilog State Machines                                             ; On                 ; On                 ;
; Extract VHDL State Machines                                                ; On                 ; On                 ;
; Ignore Verilog initial constructs                                          ; Off                ; Off                ;
; Iteration limit for constant Verilog loops                                 ; 5000               ; 5000               ;
; Iteration limit for non-constant Verilog loops                             ; 250                ; 250                ;
; Add Pass-Through Logic to Inferred RAMs                                    ; On                 ; On                 ;
; Infer RAMs from Raw Logic                                                  ; On                 ; On                 ;
; Parallel Synthesis                                                         ; On                 ; On                 ;
; DSP Block Balancing                                                        ; Auto               ; Auto               ;
; NOT Gate Push-Back                                                         ; On                 ; On                 ;
; Power-Up Don't Care                                                        ; On                 ; On                 ;
; Remove Redundant Logic Cells                                               ; Off                ; Off                ;
; Remove Duplicate Registers                                                 ; On                 ; On                 ;
; Ignore CARRY Buffers                                                       ; Off                ; Off                ;
; Ignore CASCADE Buffers                                                     ; Off                ; Off                ;
; Ignore GLOBAL Buffers                                                      ; Off                ; Off                ;
; Ignore ROW GLOBAL Buffers                                                  ; Off                ; Off                ;
; Ignore LCELL Buffers                                                       ; Off                ; Off                ;
; Ignore SOFT Buffers                                                        ; On                 ; On                 ;
; Limit AHDL Integers to 32 Bits                                             ; Off                ; Off                ;
; Optimization Technique                                                     ; Balanced           ; Balanced           ;
; Carry Chain Length                                                         ; 70                 ; 70                 ;
; Auto Carry Chains                                                          ; On                 ; On                 ;
; Auto Open-Drain Pins                                                       ; On                 ; On                 ;
; Perform WYSIWYG Primitive Resynthesis                                      ; Off                ; Off                ;
; Auto ROM Replacement                                                       ; On                 ; On                 ;
; Auto RAM Replacement                                                       ; On                 ; On                 ;
; Auto Shift Register Replacement                                            ; Auto               ; Auto               ;
; Allow Shift Register Merging across Hierarchies                            ; Auto               ; Auto               ;
; Auto Clock Enable Replacement                                              ; On                 ; On                 ;
; Strict RAM Replacement                                                     ; Off                ; Off                ;
; Allow Synchronous Control Signals                                          ; On                 ; On                 ;
; Force Use of Synchronous Clear Signals                                     ; Off                ; Off                ;
; Auto RAM to Logic Cell Conversion                                          ; Off                ; Off                ;
; Auto Resource Sharing                                                      ; Off                ; Off                ;
; Allow Any RAM Size For Recognition                                         ; Off                ; Off                ;
; Allow Any ROM Size For Recognition                                         ; Off                ; Off                ;
; Allow Any Shift Register Size For Recognition                              ; Off                ; Off                ;
; Use LogicLock Constraints during Resource Balancing                        ; On                 ; On                 ;
; Ignore translate_off and synthesis_off directives                          ; Off                ; Off                ;
; Timing-Driven Synthesis                                                    ; Off                ; Off                ;
; Report Parameter Settings                                                  ; On                 ; On                 ;
; Report Source Assignments                                                  ; On                 ; On                 ;
; Report Connectivity Checks                                                 ; On                 ; On                 ;
; Ignore Maximum Fan-Out Assignments                                         ; Off                ; Off                ;
; Synchronization Register Chain Length                                      ; 2                  ; 2                  ;
; PowerPlay Power Optimization                                               ; Normal compilation ; Normal compilation ;
; HDL message level                                                          ; Level2             ; Level2             ;
; Suppress Register Optimization Related Messages                            ; Off                ; Off                ;
; Number of Removed Registers Reported in Synthesis Report                   ; 5000               ; 5000               ;
; Number of Swept Nodes Reported in Synthesis Report                         ; 5000               ; 5000               ;
; Number of Inverted Registers Reported in Synthesis Report                  ; 100                ; 100                ;
; Clock MUX Protection                                                       ; On                 ; On                 ;
; Auto Gated Clock Conversion                                                ; Off                ; Off                ;
; Block Design Naming                                                        ; Auto               ; Auto               ;
; SDC constraint protection                                                  ; Off                ; Off                ;
; Synthesis Effort                                                           ; Auto               ; Auto               ;
; Shift Register Replacement - Allow Asynchronous Clear Signal               ; On                 ; On                 ;
; Pre-Mapping Resynthesis Optimization                                       ; Off                ; Off                ;
; Analysis & Synthesis Message Level                                         ; Medium             ; Medium             ;
; Disable Register Merging Across Hierarchies                                ; Auto               ; Auto               ;
; Resource Aware Inference For Block RAM                                     ; On                 ; On                 ;
; Synthesis Seed                                                             ; 1                  ; 1                  ;
+----------------------------------------------------------------------------+--------------------+--------------------+


Parallel compilation was disabled, but you have multiple processors available. Enable parallel compilation to reduce compilation time.
+-------------------------------------+
; Parallel Compilation                ;
+----------------------------+--------+
; Processors                 ; Number ;
+----------------------------+--------+
; Number detected on machine ; 2      ;
; Maximum allowed            ; 1      ;
+----------------------------+--------+


+----------------------------------------------------------------------------------------------------------------------------------------------------------------------+
; Analysis & Synthesis Source Files Read                                                                                                                               ;
+----------------------------------+-----------------+------------------------------------+------------------------------------------------------------------+---------+
; File Name with User-Entered Path ; Used in Netlist ; File Type                          ; File Name with Absolute Path                                     ; Library ;
+----------------------------------+-----------------+------------------------------------+------------------------------------------------------------------+---------+
; compteurN.vhd                    ; yes             ; User VHDL File                     ; //Mac/Home/Documents/TF_FPGA/TP23/compteurN.vhd                  ;         ;
; latch_data.vhd                   ; yes             ; User VHDL File                     ; //Mac/Home/Documents/TF_FPGA/TP23/latch_data.vhd                 ;         ;
; binaire_7seg.vhd                 ; yes             ; User VHDL File                     ; //Mac/Home/Documents/TF_FPGA/TP23/binaire_7seg.vhd               ;         ;
; Fenetre_Mesure.vhd               ; yes             ; User VHDL File                     ; //Mac/Home/Documents/TF_FPGA/TP23/Fenetre_Mesure.vhd             ;         ;
; TP23.bdf                         ; yes             ; User Block Diagram/Schematic File  ; //Mac/Home/Documents/TF_FPGA/TP23/TP23.bdf                       ;         ;
; lpm_mux0.vhd                     ; yes             ; User Wizard-Generated File         ; //Mac/Home/Documents/TF_FPGA/TP23/lpm_mux0.vhd                   ;         ;
; diviseur.vhd                     ; yes             ; User VHDL File                     ; //Mac/Home/Documents/TF_FPGA/TP23/diviseur.vhd                   ;         ;
; lpm_mux.tdf                      ; yes             ; Megafunction                       ; c:/altera/13.0sp1/quartus/libraries/megafunctions/lpm_mux.tdf    ;         ;
; aglobal130.inc                   ; yes             ; Megafunction                       ; c:/altera/13.0sp1/quartus/libraries/megafunctions/aglobal130.inc ;         ;
; muxlut.inc                       ; yes             ; Megafunction                       ; c:/altera/13.0sp1/quartus/libraries/megafunctions/muxlut.inc     ;         ;
; bypassff.inc                     ; yes             ; Megafunction                       ; c:/altera/13.0sp1/quartus/libraries/megafunctions/bypassff.inc   ;         ;
; altshift.inc                     ; yes             ; Megafunction                       ; c:/altera/13.0sp1/quartus/libraries/megafunctions/altshift.inc   ;         ;
; db/mux_33e.tdf                   ; yes             ; Auto-Generated Megafunction        ; //Mac/Home/Documents/TF_FPGA/TP23/db/mux_33e.tdf                 ;         ;
+----------------------------------+-----------------+------------------------------------+------------------------------------------------------------------+---------+


+----------------------------------------------------------------------------------+
; Analysis & Synthesis Resource Usage Summary                                      ;
+---------------------------------------------+------------------------------------+
; Resource                                    ; Usage                              ;
+---------------------------------------------+------------------------------------+
; Estimated Total logic elements              ; 79                                 ;
;                                             ;                                    ;
; Total combinational functions               ; 63                                 ;
; Logic element usage by number of LUT inputs ;                                    ;
;     -- 4 input functions                    ; 52                                 ;
;     -- 3 input functions                    ; 9                                  ;
;     -- <=2 input functions                  ; 2                                  ;
;                                             ;                                    ;
; Logic elements by mode                      ;                                    ;
;     -- normal mode                          ; 63                                 ;
;     -- arithmetic mode                      ; 0                                  ;
;                                             ;                                    ;
; Total registers                             ; 37                                 ;
;     -- Dedicated logic registers            ; 37                                 ;
;     -- I/O registers                        ; 0                                  ;
;                                             ;                                    ;
; I/O pins                                    ; 31                                 ;
; Embedded Multiplier 9-bit elements          ; 0                                  ;
; Maximum fan-out node                        ; Fenetre_Mesure:inst|latch_compteur ;
; Maximum fan-out                             ; 17                                 ;
; Total fan-out                               ; 360                                ;
; Average fan-out                             ; 2.75                               ;
+---------------------------------------------+------------------------------------+


+-----------------------------------------------------------------------------------------------------------------------------------------------------------------------------------+
; Analysis & Synthesis Resource Utilization by Entity                                                                                                                               ;
+----------------------------+-------------------+--------------+-------------+--------------+---------+-----------+------+--------------+---------------------------+--------------+
; Compilation Hierarchy Node ; LC Combinationals ; LC Registers ; Memory Bits ; DSP Elements ; DSP 9x9 ; DSP 18x18 ; Pins ; Virtual Pins ; Full Hierarchy Name       ; Library Name ;
+----------------------------+-------------------+--------------+-------------+--------------+---------+-----------+------+--------------+---------------------------+--------------+
; |TP23                      ; 63 (0)            ; 37 (0)       ; 0           ; 0            ; 0       ; 0         ; 31   ; 0            ; |TP23                     ; work         ;
;    |Fenetre_Mesure:inst|   ; 7 (7)             ; 5 (5)        ; 0           ; 0            ; 0       ; 0         ; 0    ; 0            ; |TP23|Fenetre_Mesure:inst ; work         ;
;    |binaire_7seg:inst2|    ; 7 (7)             ; 0 (0)        ; 0           ; 0            ; 0       ; 0         ; 0    ; 0            ; |TP23|binaire_7seg:inst2  ; work         ;
;    |binaire_7seg:inst3|    ; 7 (7)             ; 0 (0)        ; 0           ; 0            ; 0       ; 0         ; 0    ; 0            ; |TP23|binaire_7seg:inst3  ; work         ;
;    |binaire_7seg:inst4|    ; 7 (7)             ; 0 (0)        ; 0           ; 0            ; 0       ; 0         ; 0    ; 0            ; |TP23|binaire_7seg:inst4  ; work         ;
;    |binaire_7seg:inst5|    ; 7 (7)             ; 0 (0)        ; 0           ; 0            ; 0       ; 0         ; 0    ; 0            ; |TP23|binaire_7seg:inst5  ; work         ;
;    |compteurN:inst10|      ; 28 (28)           ; 16 (16)      ; 0           ; 0            ; 0       ; 0         ; 0    ; 0            ; |TP23|compteurN:inst10    ; work         ;
;    |latch_data:inst6|      ; 0 (0)             ; 4 (4)        ; 0           ; 0            ; 0       ; 0         ; 0    ; 0            ; |TP23|latch_data:inst6    ; work         ;
;    |latch_data:inst7|      ; 0 (0)             ; 4 (4)        ; 0           ; 0            ; 0       ; 0         ; 0    ; 0            ; |TP23|latch_data:inst7    ; work         ;
;    |latch_data:inst8|      ; 0 (0)             ; 4 (4)        ; 0           ; 0            ; 0       ; 0         ; 0    ; 0            ; |TP23|latch_data:inst8    ; work         ;
;    |latch_data:inst9|      ; 0 (0)             ; 4 (4)        ; 0           ; 0            ; 0       ; 0         ; 0    ; 0            ; |TP23|latch_data:inst9    ; work         ;
+----------------------------+-------------------+--------------+-------------+--------------+---------+-----------+------+--------------+---------------------------+--------------+
Note: For table entries with two numbers listed, the numbers in parentheses indicate the number of resources of the given type used by the specific entity alone. The numbers listed outside of parentheses indicate the total resources of the given type used by the specific entity and all of its sub-entities in the hierarchy.


+----------------------------------------------------------------------------------------------------------------------------------------+
; Analysis & Synthesis IP Cores Summary                                                                                                  ;
+--------+--------------+---------+--------------+--------------+-----------------------+------------------------------------------------+
; Vendor ; IP Core Name ; Version ; Release Date ; License Type ; Entity Instance       ; IP Include File                                ;
+--------+--------------+---------+--------------+--------------+-----------------------+------------------------------------------------+
; Altera ; LPM_MUX      ; 13.0    ; N/A          ; N/A          ; |TP23|lpm_mux0:inst16 ; //Mac/Home/Documents/TF_FPGA/TP23/lpm_mux0.vhd ;
+--------+--------------+---------+--------------+--------------+-----------------------+------------------------------------------------+


+-------------------------------------------------------------+
; Registers Removed During Synthesis                          ;
+----------------------------------------+--------------------+
; Register name                          ; Reason for Removal ;
+----------------------------------------+--------------------+
; diviseur:inst14|div                    ; Lost fanout        ;
; diviseur:inst14|temp[0..31]            ; Lost fanout        ;
; diviseur:inst15|temp[0]                ; Lost fanout        ;
; diviseur:inst15|div                    ; Lost fanout        ;
; diviseur:inst15|temp[1..31]            ; Lost fanout        ;
; diviseur:inst17|temp[0..3]             ; Lost fanout        ;
; diviseur:inst17|div                    ; Lost fanout        ;
; diviseur:inst17|temp[4..31]            ; Lost fanout        ;
; Total Number of Removed Registers = 99 ;                    ;
+----------------------------------------+--------------------+


+------------------------------------------------------+
; General Register Statistics                          ;
+----------------------------------------------+-------+
; Statistic                                    ; Value ;
+----------------------------------------------+-------+
; Total registers                              ; 37    ;
; Number of registers using Synchronous Clear  ; 0     ;
; Number of registers using Synchronous Load   ; 0     ;
; Number of registers using Asynchronous Clear ; 20    ;
; Number of registers using Asynchronous Load  ; 0     ;
; Number of registers using Clock Enable       ; 0     ;
; Number of registers using Preset             ; 0     ;
+----------------------------------------------+-------+


+--------------------------------------------------+
; Inverted Register Statistics                     ;
+----------------------------------------+---------+
; Inverted Register                      ; Fan out ;
+----------------------------------------+---------+
; Fenetre_Mesure:inst|reset_compteur     ; 17      ;
; Total number of inverted registers = 1 ;         ;
+----------------------------------------+---------+


+-------------------------------------------------------------------------------------------------------------------------------------------------+
; Multiplexer Restructuring Statistics (Restructuring Performed)                                                                                  ;
+--------------------+-----------+---------------+----------------------+------------------------+------------+-----------------------------------+
; Multiplexer Inputs ; Bus Width ; Baseline Area ; Area if Restructured ; Saving if Restructured ; Registered ; Example Multiplexer Output        ;
+--------------------+-----------+---------------+----------------------+------------------------+------------+-----------------------------------+
; 3:1                ; 4 bits    ; 8 LEs         ; 4 LEs                ; 4 LEs                  ; Yes        ; |TP23|compteurN:inst10|count_d[3] ;
; 3:1                ; 4 bits    ; 8 LEs         ; 4 LEs                ; 4 LEs                  ; Yes        ; |TP23|compteurN:inst10|count_c[3] ;
; 3:1                ; 4 bits    ; 8 LEs         ; 4 LEs                ; 4 LEs                  ; Yes        ; |TP23|compteurN:inst10|count_m[3] ;
+--------------------+-----------+---------------+----------------------+------------------------+------------+-----------------------------------+


+----------------------------------------------------------------------------------------+
; Parameter Settings for User Entity Instance: lpm_mux0:inst16|LPM_MUX:LPM_MUX_component ;
+------------------------+------------+--------------------------------------------------+
; Parameter Name         ; Value      ; Type                                             ;
+------------------------+------------+--------------------------------------------------+
; AUTO_CARRY_CHAINS      ; ON         ; AUTO_CARRY                                       ;
; IGNORE_CARRY_BUFFERS   ; OFF        ; IGNORE_CARRY                                     ;
; AUTO_CASCADE_CHAINS    ; ON         ; AUTO_CASCADE                                     ;
; IGNORE_CASCADE_BUFFERS ; OFF        ; IGNORE_CASCADE                                   ;
; LPM_WIDTH              ; 1          ; Signed Integer                                   ;
; LPM_SIZE               ; 4          ; Signed Integer                                   ;
; LPM_WIDTHS             ; 2          ; Signed Integer                                   ;
; LPM_PIPELINE           ; 0          ; Signed Integer                                   ;
; CBXI_PARAMETER         ; mux_33e    ; Untyped                                          ;
; DEVICE_FAMILY          ; Cyclone II ; Untyped                                          ;
+------------------------+------------+--------------------------------------------------+
Note: In order to hide this table in the UI and the text report file, please set the "Show Parameter Settings in Synthesis Report" option in "Analysis and Synthesis Settings -> More Settings" to "Off".


+--------------------------------------------------------------+
; Parameter Settings for User Entity Instance: diviseur:inst17 ;
+----------------+-------+-------------------------------------+
; Parameter Name ; Value ; Type                                ;
+----------------+-------+-------------------------------------+
; n              ; 1000  ; Signed Integer                      ;
+----------------+-------+-------------------------------------+
Note: In order to hide this table in the UI and the text report file, please set the "Show Parameter Settings in Synthesis Report" option in "Analysis and Synthesis Settings -> More Settings" to "Off".


+--------------------------------------------------------------+
; Parameter Settings for User Entity Instance: diviseur:inst15 ;
+----------------+-------+-------------------------------------+
; Parameter Name ; Value ; Type                                ;
+----------------+-------+-------------------------------------+
; n              ; 100   ; Signed Integer                      ;
+----------------+-------+-------------------------------------+
Note: In order to hide this table in the UI and the text report file, please set the "Show Parameter Settings in Synthesis Report" option in "Analysis and Synthesis Settings -> More Settings" to "Off".


+--------------------------------------------------------------+
; Parameter Settings for User Entity Instance: diviseur:inst14 ;
+----------------+-------+-------------------------------------+
; Parameter Name ; Value ; Type                                ;
+----------------+-------+-------------------------------------+
; N              ; 10    ; Signed Integer                      ;
+----------------+-------+-------------------------------------+
Note: In order to hide this table in the UI and the text report file, please set the "Show Parameter Settings in Synthesis Report" option in "Analysis and Synthesis Settings -> More Settings" to "Off".


+-------------------------------+
; Elapsed Time Per Partition    ;
+----------------+--------------+
; Partition Name ; Elapsed Time ;
+----------------+--------------+
; Top            ; 00:00:00     ;
+----------------+--------------+


+-------------------------------+
; Analysis & Synthesis Messages ;
+-------------------------------+
Info: *******************************************************************
Info: Running Quartus II 64-Bit Analysis & Synthesis
    Info: Version 13.0.1 Build 232 06/12/2013 Service Pack 1 SJ Web Edition
    Info: Processing started: Tue Jan 26 13:31:32 2021
Info: Command: quartus_map --read_settings_files=on --write_settings_files=off TP23 -c TP23
Warning (20028): Parallel compilation is not licensed and has been disabled
Info (12021): Found 2 design units, including 1 entities, in source file compteurn.vhd
    Info (12022): Found design unit 1: compteurN-myarchitecture
    Info (12023): Found entity 1: compteurN
Info (12021): Found 2 design units, including 1 entities, in source file latch_data.vhd
    Info (12022): Found design unit 1: latch_data-myarchitecture
    Info (12023): Found entity 1: latch_data
Info (12021): Found 2 design units, including 1 entities, in source file binaire_7seg.vhd
    Info (12022): Found design unit 1: binaire_7seg-myarchitecture
    Info (12023): Found entity 1: binaire_7seg
Info (12021): Found 2 design units, including 1 entities, in source file fenetre_mesure.vhd
    Info (12022): Found design unit 1: Fenetre_Mesure-behav
    Info (12023): Found entity 1: Fenetre_Mesure
Info (12021): Found 1 design units, including 1 entities, in source file tp23.bdf
    Info (12023): Found entity 1: TP23
Info (12021): Found 2 design units, including 1 entities, in source file lpm_mux0.vhd
    Info (12022): Found design unit 1: lpm_mux0-SYN
    Info (12023): Found entity 1: lpm_mux0
Info (12021): Found 2 design units, including 1 entities, in source file diviseur.vhd
    Info (12022): Found design unit 1: diviseur-myarchitecture
    Info (12023): Found entity 1: diviseur
Info (12127): Elaborating entity "TP23" for the top level hierarchy
Info (12128): Elaborating entity "binaire_7seg" for hierarchy "binaire_7seg:inst2"
Info (12128): Elaborating entity "latch_data" for hierarchy "latch_data:inst6"
Info (12128): Elaborating entity "Fenetre_Mesure" for hierarchy "Fenetre_Mesure:inst"
Info (12128): Elaborating entity "lpm_mux0" for hierarchy "lpm_mux0:inst16"
Info (12128): Elaborating entity "LPM_MUX" for hierarchy "lpm_mux0:inst16|LPM_MUX:LPM_MUX_component"
Info (12130): Elaborated megafunction instantiation "lpm_mux0:inst16|LPM_MUX:LPM_MUX_component"
Info (12133): Instantiated megafunction "lpm_mux0:inst16|LPM_MUX:LPM_MUX_component" with the following parameter:
    Info (12134): Parameter "LPM_WIDTH" = "1"
    Info (12134): Parameter "LPM_SIZE" = "4"
    Info (12134): Parameter "LPM_WIDTHS" = "2"
    Info (12134): Parameter "LPM_PIPELINE" = "0"
    Info (12134): Parameter "LPM_TYPE" = "LPM_MUX"
    Info (12134): Parameter "LPM_HINT" = "UNUSED"
Info (12021): Found 1 design units, including 1 entities, in source file db/mux_33e.tdf
    Info (12023): Found entity 1: mux_33e
Info (12128): Elaborating entity "mux_33e" for hierarchy "lpm_mux0:inst16|LPM_MUX:LPM_MUX_component|mux_33e:auto_generated"
Info (12128): Elaborating entity "diviseur" for hierarchy "diviseur:inst17"
Info (12128): Elaborating entity "diviseur" for hierarchy "diviseur:inst15"
Info (12128): Elaborating entity "diviseur" for hierarchy "diviseur:inst14"
Info (12128): Elaborating entity "compteurN" for hierarchy "compteurN:inst10"
Info (13000): Registers with preset signals will power-up high
Info (13003): DEV_CLRn pin will set, and not reset, register with preset signal due to NOT Gate Push-Back
Info (17049): 99 registers lost all their fanouts during netlist optimizations.
Info (16010): Generating hard_block partition "hard_block:auto_generated_inst"
    Info (16011): Adding 0 node(s), including 0 DDIO, 0 PLL, 0 transceiver and 0 LCELL
Info (21057): Implemented 110 device resources after synthesis - the final resource count might be different
    Info (21058): Implemented 3 input pins
    Info (21059): Implemented 28 output pins
    Info (21061): Implemented 79 logic cells
Info: Quartus II 64-Bit Analysis & Synthesis was successful. 0 errors, 1 warning
    Info: Peak virtual memory: 4643 megabytes
    Info: Processing ended: Tue Jan 26 13:31:35 2021
    Info: Elapsed time: 00:00:03
    Info: Total CPU time (on all processors): 00:00:02


